2025-04-15 19:43:43,939 - INFO - Moved delhi_trip.csv \u2192 Others/
2025-04-15 19:43:43,941 - INFO - Moved delhi_trip.json \u2192 Others/
2025-04-15 19:43:43,942 - INFO - Moved delhi_trip.jsonl \u2192 Others/
2025-04-15 19:43:43,944 - INFO - Moved kolkata_trip.csv \u2192 Others/
2025-04-15 19:43:43,945 - INFO - Moved kolkata_trip.json \u2192 Others/
2025-04-15 19:43:43,972 - INFO - Moved kolkata_trip.jsonl \u2192 Others/
2025-04-15 19:43:43,974 - INFO - Moved mumbai_trip.csv \u2192 Others/
2025-04-15 19:43:43,976 - INFO - Moved mumbai_trip.json \u2192 Others/
2025-04-15 19:43:43,977 - INFO - Moved mumbai_trip.jsonl \u2192 Others/
2025-04-15 19:48:48,066 - INFO - Moved 1.jpg \u2192 Images/
2025-04-15 19:48:48,068 - INFO - Moved 10.jpg \u2192 Images/
2025-04-15 19:48:48,071 - INFO - Moved 11.jpg \u2192 Images/
2025-04-15 19:48:48,072 - INFO - Moved 12.jpg \u2192 Images/
2025-04-15 19:48:48,074 - INFO - Moved 2.jpg \u2192 Images/
2025-04-15 19:48:48,076 - INFO - Moved 3.jpg \u2192 Images/
2025-04-15 19:48:48,080 - INFO - Moved 4.jpg \u2192 Images/
2025-04-15 19:48:48,082 - INFO - Moved 5.jpg \u2192 Images/
2025-04-15 19:48:48,083 - INFO - Moved 6.jpg \u2192 Images/
2025-04-15 19:48:48,085 - INFO - Moved 7.jpg \u2192 Images/
2025-04-15 19:48:48,086 - INFO - Moved 8.jpg \u2192 Images/
2025-04-15 19:48:48,088 - INFO - Moved 9.jpg \u2192 Images/
2025-04-15 19:48:48,090 - INFO - Moved contactbg.jpg \u2192 Images/
2025-04-15 19:48:48,092 - INFO - Moved gmail.png \u2192 Images/
2025-04-15 19:48:48,093 - INFO - Moved instagram.png \u2192 Images/
2025-04-15 19:48:48,095 - INFO - Moved logo.png \u2192 Images/
2025-04-15 19:48:48,096 - INFO - Moved v1.mp4 \u2192 Videos/
2025-04-15 19:49:34,826 - INFO - Moved petal.jpg \u2192 Images/
2025-04-15 19:49:34,828 - INFO - Moved rose.jpg \u2192 Images/
2025-04-15 19:49:34,830 - INFO - Moved wallpaper1.webp \u2192 Others/
2025-04-15 19:49:34,832 - INFO - Moved wallpaper2.webp \u2192 Others/
2025-04-15 19:49:34,833 - INFO - Moved wallpaper3.jpeg \u2192 Images/
2025-04-15 19:49:34,837 - INFO - Moved wallpaper4.jpeg \u2192 Images/
2025-04-15 19:49:34,839 - INFO - Moved wallpaper5.webp \u2192 Others/
2025-04-15 20:34:33,224 - INFO - [DRY-RUN] 1.jpg \u2192 Images/
2025-04-15 20:34:33,225 - INFO - [DRY-RUN] 10.jpg \u2192 Images/
2025-04-15 20:34:33,226 - INFO - [DRY-RUN] 11.jpg \u2192 Images/
2025-04-15 20:34:33,226 - INFO - [DRY-RUN] 12.jpg \u2192 Images/
2025-04-15 20:34:33,226 - INFO - [DRY-RUN] 2.jpg \u2192 Images/
2025-04-15 20:34:33,227 - INFO - [DRY-RUN] 3.jpg \u2192 Images/
2025-04-15 20:34:33,227 - INFO - [DRY-RUN] 4.jpg \u2192 Images/
2025-04-15 20:34:33,227 - INFO - [DRY-RUN] 5.jpg \u2192 Images/
2025-04-15 20:34:33,227 - INFO - [DRY-RUN] 6.jpg \u2192 Images/
2025-04-15 20:34:33,227 - INFO - [DRY-RUN] 7.jpg \u2192 Images/
2025-04-15 20:34:33,228 - INFO - [DRY-RUN] 8.jpg \u2192 Images/
2025-04-15 20:34:33,228 - INFO - [DRY-RUN] 9.jpg \u2192 Images/
2025-04-15 20:34:33,228 - INFO - [DRY-RUN] contactbg.jpg \u2192 Images/
2025-04-15 20:34:33,228 - INFO - [DRY-RUN] gmail.png \u2192 Images/
2025-04-15 20:34:33,228 - INFO - [DRY-RUN] instagram.png \u2192 Images/
2025-04-15 20:34:33,229 - INFO - [DRY-RUN] logo.png \u2192 Images/
2025-04-15 20:34:33,229 - INFO - [DRY-RUN] v1.mp4 \u2192 Videos/
